<?xml version="1.0" encoding="UTF-8"?>
<!-- Generated by org.testng.reporters.JUnitXMLReporter -->
<testsuite hostname="CPU351" ignored="3" name="AdminSetting" tests="54" failures="0" timestamp="09 Oct 2019 06:15:38 GMT" time="207.702" errors="0">
  <testcase name="Login" time="14.361" classname="Scripts.Login_Script"/>
  <testcase name="settingPage" time="2.723" classname="Scripts.AdminSettings_Script"/>
  <testcase name="manageDept" time="8.246" classname="Scripts.AdminSettings_Script"/>
  <testcase name="manageDept" time="7.677" classname="Scripts.AdminSettings_Script"/>
  <testcase name="manageDept" time="5.445" classname="Scripts.AdminSettings_Script"/>
  <testcase name="manageDept" time="4.329" classname="Scripts.AdminSettings_Script"/>
  <testcase name="manageDept" time="1.943" classname="Scripts.AdminSettings_Script"/>
  <testcase name="manageDept" time="6.184" classname="Scripts.AdminSettings_Script"/>
  <testcase name="manageDept" time="0.002" classname="Scripts.AdminSettings_Script"/>
  <testcase name="manageDept" time="0.002" classname="Scripts.AdminSettings_Script"/>
  <testcase name="manageDept" time="0.002" classname="Scripts.AdminSettings_Script"/>
  <testcase name="manageDept" time="0.002" classname="Scripts.AdminSettings_Script"/>
  <testcase name="manageDept" time="0.003" classname="Scripts.AdminSettings_Script"/>
  <testcase name="manageDept" time="0.004" classname="Scripts.AdminSettings_Script"/>
  <testcase name="manageDept" time="0.003" classname="Scripts.AdminSettings_Script"/>
  <testcase name="manageDept" time="0.002" classname="Scripts.AdminSettings_Script"/>
  <testcase name="manageDept" time="0.003" classname="Scripts.AdminSettings_Script"/>
  <testcase name="manageDept" time="0.004" classname="Scripts.AdminSettings_Script"/>
  <testcase name="manageDept" time="0.002" classname="Scripts.AdminSettings_Script"/>
  <testcase name="manageDept" time="0.002" classname="Scripts.AdminSettings_Script"/>
  <testcase name="manageDept" time="0.002" classname="Scripts.AdminSettings_Script"/>
  <testcase name="manageDept" time="0.003" classname="Scripts.AdminSettings_Script"/>
  <testcase name="manageDept" time="0.003" classname="Scripts.AdminSettings_Script"/>
  <testcase name="manageDept" time="0.002" classname="Scripts.AdminSettings_Script"/>
  <testcase name="manageDept" time="0.003" classname="Scripts.AdminSettings_Script"/>
  <testcase name="manageDept" time="0.003" classname="Scripts.AdminSettings_Script"/>
  <testcase name="manageDept" time="0.01" classname="Scripts.AdminSettings_Script"/>
  <testcase name="manageUsers" time="0.003" classname="Scripts.AdminSettings_Script"/>
  <testcase name="manageUsers" time="0.003" classname="Scripts.AdminSettings_Script"/>
  <testcase name="manageUsers" time="0.001" classname="Scripts.AdminSettings_Script"/>
  <testcase name="manageUsers" time="0.002" classname="Scripts.AdminSettings_Script"/>
  <testcase name="manageUsers" time="0.003" classname="Scripts.AdminSettings_Script"/>
  <testcase name="manageUsers" time="0.007" classname="Scripts.AdminSettings_Script"/>
  <testcase name="manageUsers" time="26.254" classname="Scripts.AdminSettings_Script"/>
  <testcase name="manageUsers" time="13.166" classname="Scripts.AdminSettings_Script"/>
  <testcase name="manageUsers" time="11.49" classname="Scripts.AdminSettings_Script"/>
  <testcase name="manageUsers" time="0.002" classname="Scripts.AdminSettings_Script"/>
  <testcase name="manageUsers" time="0.001" classname="Scripts.AdminSettings_Script"/>
  <testcase name="manageUsers" time="0.001" classname="Scripts.AdminSettings_Script"/>
  <testcase name="manageUsers" time="0.001" classname="Scripts.AdminSettings_Script"/>
  <testcase name="manageUsers" time="0.001" classname="Scripts.AdminSettings_Script"/>
  <testcase name="manageUsers" time="0.001" classname="Scripts.AdminSettings_Script"/>
  <testcase name="manageUsers" time="0.002" classname="Scripts.AdminSettings_Script"/>
  <testcase name="manageUsers" time="0.001" classname="Scripts.AdminSettings_Script"/>
  <testcase name="manageUsers" time="0.002" classname="Scripts.AdminSettings_Script"/>
  <testcase name="manageUsers" time="0.001" classname="Scripts.AdminSettings_Script"/>
  <testcase name="manageUsers" time="0.001" classname="Scripts.AdminSettings_Script"/>
  <testcase name="manageUsers" time="0.001" classname="Scripts.AdminSettings_Script"/>
  <testcase name="manageUsers" time="0.001" classname="Scripts.AdminSettings_Script"/>
  <testcase name="manageUsers" time="0.001" classname="Scripts.AdminSettings_Script"/>
  <testcase name="manageUsers" time="0.001" classname="Scripts.AdminSettings_Script"/>
  <testcase name="manageUsers" time="0.002" classname="Scripts.AdminSettings_Script"/>
  <testcase name="activityLog" time="25.399" classname="Scripts.AdminSettings_Script"/>
  <testcase name="createmanageWorkflow" time="73.491" classname="Scripts.AdminSettings_Script"/>
  <testcase name="@BeforeSuite createreport" time="0.0" classname="Generic_Library.Basefunctions">
    <ignored/>
  </testcase> <!-- @BeforeSuite createreport -->
  <testcase name="@BeforeTest launch" time="0.0" classname="Generic_Library.Basefunctions">
    <ignored/>
  </testcase> <!-- @BeforeTest launch -->
  <testcase name="@AfterTest closeapp" time="0.0" classname="Generic_Library.Basefunctions">
    <ignored/>
  </testcase> <!-- @AfterTest closeapp -->
</testsuite> <!-- AdminSetting -->
