<?xml version="1.0" encoding="UTF-8"?>
<!-- Generated by org.testng.reporters.JUnitXMLReporter -->
<testsuite hostname="CPU351" ignored="3" name="AnyDocChooseTemp" tests="2" failures="0" timestamp="15 Nov 2019 04:12:30 GMT" time="80.635" errors="0">
  <testcase name="Login" time="17.755" classname="Scripts.Login_Script"/>
  <testcase name="anyDoc" time="55.416" classname="Scripts.AnyDocChooseTemp_Script"/>
  <testcase name="@BeforeSuite createreport" time="0.0" classname="Generic_Library.Basefunctions">
    <ignored/>
  </testcase> <!-- @BeforeSuite createreport -->
  <testcase name="@BeforeTest launch" time="0.0" classname="Generic_Library.Basefunctions">
    <ignored/>
  </testcase> <!-- @BeforeTest launch -->
  <testcase name="@AfterTest closeapp" time="0.0" classname="Generic_Library.Basefunctions">
    <ignored/>
  </testcase> <!-- @AfterTest closeapp -->
</testsuite> <!-- AnyDocChooseTemp -->
