<?xml version="1.0" encoding="UTF-8"?>
<!-- Generated by org.testng.reporters.JUnitXMLReporter -->
<testsuite hostname="CPU351" ignored="3" name="BulkDoc" tests="7" failures="0" timestamp="17 Oct 2019 10:42:49 GMT" time="94.577" errors="0">
  <testcase name="Login" time="17.281" classname="Scripts.Login_Script"/>
  <testcase name="bulkDoc" time="6.731" classname="Scripts.BulkDoc_Script"/>
  <testcase name="bulkDoc" time="2.668" classname="Scripts.BulkDoc_Script"/>
  <testcase name="bulkDoc" time="10.749" classname="Scripts.BulkDoc_Script"/>
  <testcase name="bulkDoc" time="0.004" classname="Scripts.BulkDoc_Script"/>
  <testcase name="bulkDoc" time="8.992" classname="Scripts.BulkDoc_Script"/>
  <testcase name="bulkDoc" time="42.242" classname="Scripts.BulkDoc_Script"/>
  <testcase name="@BeforeSuite createreport" time="0.0" classname="Generic_Library.Basefunctions">
    <ignored/>
  </testcase> <!-- @BeforeSuite createreport -->
  <testcase name="@BeforeTest launch" time="0.0" classname="Generic_Library.Basefunctions">
    <ignored/>
  </testcase> <!-- @BeforeTest launch -->
  <testcase name="@AfterTest closeapp" time="0.0" classname="Generic_Library.Basefunctions">
    <ignored/>
  </testcase> <!-- @AfterTest closeapp -->
</testsuite> <!-- BulkDoc -->
