<?xml version="1.0" encoding="UTF-8"?>
<!-- Generated by org.testng.reporters.JUnitXMLReporter -->
<testsuite hostname="CPU351" ignored="3" name="BulkDocChooseTempAdPwd" tests="2" failures="0" timestamp="17 Oct 2019 10:45:22 GMT" time="81.373" errors="0">
  <testcase name="Login" time="16.627" classname="Scripts.Login_Script"/>
  <testcase name="bulkDocChooseTempAd" time="59.454" classname="Scripts.BulkDocAdvnceSetng_Script"/>
  <testcase name="@BeforeSuite createreport" time="0.0" classname="Generic_Library.Basefunctions">
    <ignored/>
  </testcase> <!-- @BeforeSuite createreport -->
  <testcase name="@BeforeTest launch" time="0.0" classname="Generic_Library.Basefunctions">
    <ignored/>
  </testcase> <!-- @BeforeTest launch -->
  <testcase name="@AfterTest closeapp" time="0.0" classname="Generic_Library.Basefunctions">
    <ignored/>
  </testcase> <!-- @AfterTest closeapp -->
</testsuite> <!-- BulkDocChooseTempAdPwd -->
