<?xml version="1.0" encoding="UTF-8"?>
<!-- Generated by org.testng.reporters.JUnitXMLReporter -->
<testsuite ignored="3" hostname="QITLAP024" failures="0" tests="2" name="createDoceSign" time="415.672" errors="0" timestamp="2020-07-03T12:30:09 IST">
  <testcase classname="Scripts.Login_Script" name="Login" time="54.598"/>
  <testcase classname="Scripts.CreateDoceSign_Script" name="createDocument" time="304.791"/>
  <testcase classname="Generic_Library.Basefunctions" name="@BeforeSuite createreport" time="0.0">
    <ignored/>
  </testcase> <!-- @BeforeSuite createreport -->
  <testcase classname="Generic_Library.Basefunctions" name="@BeforeTest launch" time="0.0">
    <ignored/>
  </testcase> <!-- @BeforeTest launch -->
  <testcase classname="Generic_Library.Basefunctions" name="@AfterTest closeapp" time="0.0">
    <ignored/>
  </testcase> <!-- @AfterTest closeapp -->
</testsuite> <!-- createDoceSign -->
