<?xml version="1.0" encoding="UTF-8"?>
<!-- Generated by org.testng.reporters.JUnitXMLReporter -->
<testsuite ignored="3" hostname="QITLAP024" failures="0" tests="14" name="createDoc" time="513.167" errors="0" timestamp="2020-07-03T12:22:00 IST">
  <testcase classname="Scripts.Login_Script" name="Login" time="40.365"/>
  <testcase classname="Scripts.CreateDoc_Script" name="CreateDocvalidatn" time="29.014"/>
  <testcase classname="Scripts.CreateDoc_Script" name="CreateDocvalidatn" time="5.134"/>
  <testcase classname="Scripts.CreateDoc_Script" name="CreateDocvalidatn" time="13.614"/>
  <testcase classname="Scripts.CreateDoc_Script" name="CreateDocvalidatn" time="13.606"/>
  <testcase classname="Scripts.CreateDoc_Script" name="CreateDocvalidatn" time="7.089"/>
  <testcase classname="Scripts.CreateDoc_Script" name="CreateDocvalidatn" time="4.966"/>
  <testcase classname="Scripts.CreateDoc_Script" name="CreateDocvalidatn" time="19.735"/>
  <testcase classname="Scripts.CreateDoc_Script" name="CreateDocvalidatn" time="9.68"/>
  <testcase classname="Scripts.CreateDoc_Script" name="CreateDocvalidatn" time="23.461"/>
  <testcase classname="Scripts.CreateDoc_Script" name="CreateDocvalidatn" time="0.004"/>
  <testcase classname="Scripts.CreateDoc_Script" name="CreateDocvalidatn" time="0.006"/>
  <testcase classname="Scripts.CreateDoc_Script" name="CreateDocvalidatn" time="0.009"/>
  <testcase classname="Scripts.CreateDoc_Script" name="createDocument" time="295.872"/>
  <testcase classname="Generic_Library.Basefunctions" name="@BeforeSuite createreport" time="0.0">
    <ignored/>
  </testcase> <!-- @BeforeSuite createreport -->
  <testcase classname="Generic_Library.Basefunctions" name="@BeforeTest launch" time="0.0">
    <ignored/>
  </testcase> <!-- @BeforeTest launch -->
  <testcase classname="Generic_Library.Basefunctions" name="@AfterTest closeapp" time="0.0">
    <ignored/>
  </testcase> <!-- @AfterTest closeapp -->
</testsuite> <!-- createDoc -->
