<?xml version="1.0" encoding="UTF-8"?>
<!-- Generated by org.testng.reporters.JUnitXMLReporter -->
<testsuite ignored="3" hostname="QITLAP024" failures="0" tests="9" name="createDocMultiR" time="323.01" errors="0" timestamp="2020-06-30T17:21:50 IST">
  <testcase classname="Scripts.Login_Script" name="Login" time="28.148"/>
  <testcase classname="Scripts.CreateDocMltpleR_Script" name="createDocMultiReviewer" time="98.256"/>
  <testcase classname="Scripts.CreateDocMltpleR_Script" name="Logout" time="13.257"/>
  <testcase classname="Scripts.CreateDocMltpleR_Script" name="IntnlLogin" time="22.76"/>
  <testcase classname="Scripts.CreateDocMltpleR_Script" name="IntnlReview" time="44.57"/>
  <testcase classname="Scripts.CreateDocMltpleR_Script" name="Login" time="10.478"/>
  <testcase classname="Scripts.CreateDocMltpleR_Script" name="createDocMultiSignr" time="29.712"/>
  <testcase classname="Scripts.CreateDocMltpleR_Script" name="IntnlLoginSgn" time="22.465"/>
  <testcase classname="Scripts.CreateDocMltpleR_Script" name="IntnlSign" time="30.012"/>
  <testcase classname="Generic_Library.Basefunctions" name="@BeforeSuite createreport" time="0.0">
    <ignored/>
  </testcase> <!-- @BeforeSuite createreport -->
  <testcase classname="Generic_Library.Basefunctions" name="@BeforeTest launch" time="0.0">
    <ignored/>
  </testcase> <!-- @BeforeTest launch -->
  <testcase classname="Generic_Library.Basefunctions" name="@AfterTest closeapp" time="0.0">
    <ignored/>
  </testcase> <!-- @AfterTest closeapp -->
</testsuite> <!-- createDocMultiR -->
