<?xml version="1.0" encoding="UTF-8"?>
<!-- Generated by org.testng.reporters.JUnitXMLReporter -->
<testsuite ignored="3" hostname="QITLAP024" failures="0" tests="9" name="Decrypt" time="116.184" errors="0" timestamp="2020-06-23T19:11:50 IST">
  <testcase classname="Scripts.Login_Script" name="Login" time="28.551"/>
  <testcase classname="Scripts.Decrypt_Script" name="settingPage" time="14.831"/>
  <testcase classname="Scripts.Decrypt_Script" name="DecryptPage" time="34.628"/>
  <testcase classname="Scripts.Decrypt_Script" name="DecryptPage" time="10.3"/>
  <testcase classname="Scripts.Decrypt_Script" name="DecryptPage" time="0.583"/>
  <testcase classname="Scripts.Decrypt_Script" name="DecryptPage" time="0.004"/>
  <testcase classname="Scripts.Decrypt_Script" name="DecryptPage" time="0.003"/>
  <testcase classname="Scripts.Decrypt_Script" name="DecryptPage" time="0.002"/>
  <testcase classname="Scripts.Decrypt_Script" name="DecryptPage" time="0.004"/>
  <testcase classname="Generic_Library.Basefunctions" name="@BeforeSuite createreport" time="0.0">
    <ignored/>
  </testcase> <!-- @BeforeSuite createreport -->
  <testcase classname="Generic_Library.Basefunctions" name="@BeforeTest launch" time="0.0">
    <ignored/>
  </testcase> <!-- @BeforeTest launch -->
  <testcase classname="Generic_Library.Basefunctions" name="@AfterTest closeapp" time="0.0">
    <ignored/>
  </testcase> <!-- @AfterTest closeapp -->
</testsuite> <!-- Decrypt -->
