<?xml version="1.0" encoding="UTF-8"?>
<!-- Generated by org.testng.reporters.JUnitXMLReporter -->
<testsuite ignored="3" hostname="QITLAP024" failures="0" tests="9" name="DecryptMultipleFiles" time="152.667" errors="0" timestamp="2020-06-20T10:48:16 IST">
  <testcase classname="Scripts.Login_Script" name="Login" time="44.632"/>
  <testcase classname="Scripts.DecryptMultipleFiles_Script" name="settingPage" time="15.959"/>
  <testcase classname="Scripts.DecryptMultipleFiles_Script" name="mltpleFilesDecryptPage" time="0.007"/>
  <testcase classname="Scripts.DecryptMultipleFiles_Script" name="mltpleFilesDecryptPage" time="0.007"/>
  <testcase classname="Scripts.DecryptMultipleFiles_Script" name="mltpleFilesDecryptPage" time="0.005"/>
  <testcase classname="Scripts.DecryptMultipleFiles_Script" name="mltpleFilesDecryptPage" time="0.019"/>
  <testcase classname="Scripts.DecryptMultipleFiles_Script" name="mltpleFilesDecryptPage" time="46.745"/>
  <testcase classname="Scripts.DecryptMultipleFiles_Script" name="mltpleFilesDecryptPage" time="14.651"/>
  <testcase classname="Scripts.DecryptMultipleFiles_Script" name="mltpleFilesDecryptPage" time="0.552"/>
  <testcase classname="Generic_Library.Basefunctions" name="@BeforeSuite createreport" time="0.0">
    <ignored/>
  </testcase> <!-- @BeforeSuite createreport -->
  <testcase classname="Generic_Library.Basefunctions" name="@BeforeTest launch" time="0.0">
    <ignored/>
  </testcase> <!-- @BeforeTest launch -->
  <testcase classname="Generic_Library.Basefunctions" name="@AfterTest closeapp" time="0.0">
    <ignored/>
  </testcase> <!-- @AfterTest closeapp -->
</testsuite> <!-- DecryptMultipleFiles -->
