<?xml version="1.0" encoding="UTF-8"?>
<!-- Generated by org.testng.reporters.JUnitXMLReporter -->
<testsuite hostname="CPU351" ignored="3" name="Docstore" tests="4" failures="0" timestamp="17 Sep 2019 11:32:12 GMT" time="94.703" errors="0">
  <testcase name="Login" time="12.889" classname="Scripts.Login_Script"/>
  <testcase name="dash_docStore" time="37.221" classname="Scripts.Docstore_Script"/>
  <testcase name="uploadDoc" time="32.861" classname="Scripts.Docstore_Script"/>
  <testcase name="exprtExcel" time="4.929" classname="Scripts.Docstore_Script"/>
  <testcase name="@BeforeSuite createreport" time="0.0" classname="Generic_Library.Basefunctions">
    <ignored/>
  </testcase> <!-- @BeforeSuite createreport -->
  <testcase name="@BeforeTest launch" time="0.0" classname="Generic_Library.Basefunctions">
    <ignored/>
  </testcase> <!-- @BeforeTest launch -->
  <testcase name="@AfterTest closeapp" time="0.0" classname="Generic_Library.Basefunctions">
    <ignored/>
  </testcase> <!-- @AfterTest closeapp -->
</testsuite> <!-- Docstore -->
