<?xml version="1.0" encoding="UTF-8"?>
<!-- Generated by org.testng.reporters.JUnitXMLReporter -->
<testsuite ignored="3" hostname="QITLAP024" failures="0" tests="12" name="Encrypt" time="168.438" errors="0" timestamp="2020-07-06T13:02:37 IST">
  <testcase classname="Scripts.Login_Script" name="Login" time="54.463"/>
  <testcase classname="Scripts.Encrypt_Script" name="settingPage" time="17.526"/>
  <testcase classname="Scripts.Encrypt_Script" name="EncryptPage" time="51.88"/>
  <testcase classname="Scripts.Encrypt_Script" name="EncryptPage" time="14.986"/>
  <testcase classname="Scripts.Encrypt_Script" name="EncryptPage" time="0.005"/>
  <testcase classname="Scripts.Encrypt_Script" name="EncryptPage" time="0.006"/>
  <testcase classname="Scripts.Encrypt_Script" name="EncryptPage" time="0.003"/>
  <testcase classname="Scripts.Encrypt_Script" name="EncryptPage" time="0.004"/>
  <testcase classname="Scripts.Encrypt_Script" name="EncryptPage" time="0.004"/>
  <testcase classname="Scripts.Encrypt_Script" name="EncryptPage" time="0.003"/>
  <testcase classname="Scripts.Encrypt_Script" name="EncryptPage" time="0.004"/>
  <testcase classname="Scripts.Encrypt_Script" name="EncryptPage" time="0.003"/>
  <testcase classname="Generic_Library.Basefunctions" name="@BeforeSuite createreport" time="0.0">
    <ignored/>
  </testcase> <!-- @BeforeSuite createreport -->
  <testcase classname="Generic_Library.Basefunctions" name="@BeforeTest launch" time="0.0">
    <ignored/>
  </testcase> <!-- @BeforeTest launch -->
  <testcase classname="Generic_Library.Basefunctions" name="@AfterTest closeapp" time="0.0">
    <ignored/>
  </testcase> <!-- @AfterTest closeapp -->
</testsuite> <!-- Encrypt -->
