<?xml version="1.0" encoding="UTF-8"?>
<!-- Generated by org.testng.reporters.JUnitXMLReporter -->
<testsuite ignored="3" hostname="QITLAP024" failures="0" tests="9" name="Form16" time="375.028" errors="0" timestamp="2020-07-07T10:58:15 IST">
  <testcase classname="Scripts.Login_Script" name="Login" time="71.984"/>
  <testcase classname="Scripts.Form16Sign_Script" name="Form16Sign1" time="31.49"/>
  <testcase classname="Scripts.Form16Sign_Script" name="Form16Sign1" time="25.35"/>
  <testcase classname="Scripts.Form16Sign_Script" name="Form16Sign1" time="154.365"/>
  <testcase classname="Scripts.Form16Sign_Script" name="Form16Sign1" time="7.533"/>
  <testcase classname="Scripts.Form16Sign_Script" name="Form16Sign1" time="14.374"/>
  <testcase classname="Scripts.Form16Sign_Script" name="Form16Sign1" time="0.004"/>
  <testcase classname="Scripts.Form16Sign_Script" name="Form16Sign1" time="0.004"/>
  <testcase classname="Scripts.Form16Sign_Script" name="Form16Sign1" time="0.005"/>
  <testcase classname="Generic_Library.Basefunctions" name="@BeforeSuite createreport" time="0.0">
    <ignored/>
  </testcase> <!-- @BeforeSuite createreport -->
  <testcase classname="Generic_Library.Basefunctions" name="@BeforeTest launch" time="0.0">
    <ignored/>
  </testcase> <!-- @BeforeTest launch -->
  <testcase classname="Generic_Library.Basefunctions" name="@AfterTest closeapp" time="0.0">
    <ignored/>
  </testcase> <!-- @AfterTest closeapp -->
</testsuite> <!-- Form16 -->
