<?xml version="1.0" encoding="UTF-8"?>
<!-- Generated by org.testng.reporters.JUnitXMLReporter -->
<testsuite hostname="CPU351" ignored="3" name="ManageWfFlexi" tests="3" failures="0" timestamp="09 Oct 2019 06:24:26 GMT" time="141.888" errors="0">
  <testcase name="Login" time="14.837" classname="Scripts.Login_Script"/>
  <testcase name="settingPage" time="2.566" classname="Scripts.ManageWrkflwFlexi_Script"/>
  <testcase name="mangeWfFlexi" time="118.096" classname="Scripts.ManageWrkflwFlexi_Script"/>
  <testcase name="@BeforeSuite createreport" time="0.0" classname="Generic_Library.Basefunctions">
    <ignored/>
  </testcase> <!-- @BeforeSuite createreport -->
  <testcase name="@BeforeTest launch" time="0.0" classname="Generic_Library.Basefunctions">
    <ignored/>
  </testcase> <!-- @BeforeTest launch -->
  <testcase name="@AfterTest closeapp" time="0.0" classname="Generic_Library.Basefunctions">
    <ignored/>
  </testcase> <!-- @AfterTest closeapp -->
</testsuite> <!-- ManageWfFlexi -->
