<?xml version="1.0" encoding="UTF-8"?>
<!-- Generated by org.testng.reporters.JUnitXMLReporter -->
<testsuite hostname="CPU351" ignored="3" name="ManageWfActivity" tests="3" failures="0" timestamp="09 Oct 2019 06:31:18 GMT" time="43.23" errors="0">
  <testcase name="Login" time="14.104" classname="Scripts.Login_Script"/>
  <testcase name="settingPage" time="2.569" classname="Scripts.ManageWrkflwActivity_Script"/>
  <testcase name="mangeWfActivity" time="19.387" classname="Scripts.ManageWrkflwActivity_Script"/>
  <testcase name="@BeforeSuite createreport" time="0.0" classname="Generic_Library.Basefunctions">
    <ignored/>
  </testcase> <!-- @BeforeSuite createreport -->
  <testcase name="@BeforeTest launch" time="0.0" classname="Generic_Library.Basefunctions">
    <ignored/>
  </testcase> <!-- @BeforeTest launch -->
  <testcase name="@AfterTest closeapp" time="0.0" classname="Generic_Library.Basefunctions">
    <ignored/>
  </testcase> <!-- @AfterTest closeapp -->
</testsuite> <!-- ManageWfActivity -->
