<?xml version="1.0" encoding="UTF-8"?>
<!-- Generated by org.testng.reporters.JUnitXMLReporter -->
<testsuite hostname="LAP195" ignored="3" name="ndtvcheck" tests="2" failures="0" timestamp="2020-11-12T20:15:43 IST" time="117.154" errors="0">
  <testcase name="Login" time="94.956" classname="Scripts.NDTV_Script"/>
  <testcase name="apiscript" time="6.202" classname="Scripts.API_Script"/>
  <testcase name="@BeforeSuite createreport" time="0.0" classname="Generic_Library.Basefunctions">
    <ignored/>
  </testcase> <!-- @BeforeSuite createreport -->
  <testcase name="@BeforeTest launch" time="0.0" classname="Generic_Library.Basefunctions">
    <ignored/>
  </testcase> <!-- @BeforeTest launch -->
  <testcase name="@AfterTest closeapp" time="0.0" classname="Generic_Library.Basefunctions">
    <ignored/>
  </testcase> <!-- @AfterTest closeapp -->
</testsuite> <!-- ndtvcheck -->
