<?xml version="1.0" encoding="UTF-8"?>
<!-- Generated by org.testng.reporters.JUnitXMLReporter -->
<testsuite hostname="CPU351" ignored="3" name="quickSetupWorkflow" tests="2" failures="0" timestamp="24 Sep 2019 07:26:28 GMT" time="48.152" errors="0">
  <testcase name="Login" time="15.192" classname="Scripts.Login_Script"/>
  <testcase name="settingPage" time="25.519" classname="Scripts.QuickSetupworkflow_Script"/>
  <testcase name="@BeforeSuite createreport" time="0.0" classname="Generic_Library.Basefunctions">
    <ignored/>
  </testcase> <!-- @BeforeSuite createreport -->
  <testcase name="@BeforeTest launch" time="0.0" classname="Generic_Library.Basefunctions">
    <ignored/>
  </testcase> <!-- @BeforeTest launch -->
  <testcase name="@AfterTest closeapp" time="0.0" classname="Generic_Library.Basefunctions">
    <ignored/>
  </testcase> <!-- @AfterTest closeapp -->
</testsuite> <!-- quickSetupWorkflow -->
