<?xml version="1.0" encoding="UTF-8"?>
<!-- Generated by org.testng.reporters.JUnitXMLReporter -->
<testsuite ignored="3" hostname="QITLAP024" failures="0" tests="13" name="Settings" time="121.81" errors="0" timestamp="2020-07-08T09:46:39 IST">
  <testcase classname="Scripts.Login_Script" name="Login" time="33.083"/>
  <testcase classname="Scripts.Setting_Script" name="settingPage" time="10.702"/>
  <testcase classname="Scripts.Setting_Script" name="manageAdhocUser" time="10.612"/>
  <testcase classname="Scripts.Setting_Script" name="editNDeleteAdhocUser" time="0.014"/>
  <testcase classname="Scripts.Setting_Script" name="editNDeleteAdhocUser" time="0.011"/>
  <testcase classname="Scripts.Setting_Script" name="editNDeleteAdhocUser" time="0.013"/>
  <testcase classname="Scripts.Setting_Script" name="editNDeleteAdhocUser" time="0.007"/>
  <testcase classname="Scripts.Setting_Script" name="editNDeleteAdhocUser" time="0.005"/>
  <testcase classname="Scripts.Setting_Script" name="editNDeleteAdhocUser" time="0.013"/>
  <testcase classname="Scripts.Setting_Script" name="editNDeleteAdhocUser" time="10.711"/>
  <testcase classname="Scripts.Setting_Script" name="editNDeleteAdhocUser" time="0.003"/>
  <testcase classname="Scripts.Setting_Script" name="editNDeleteAdhocUser" time="0.007"/>
  <testcase classname="Scripts.Setting_Script" name="editNDeleteAdhocUser" time="0.005"/>
  <testcase classname="Generic_Library.Basefunctions" name="@BeforeSuite createreport" time="0.0">
    <ignored/>
  </testcase> <!-- @BeforeSuite createreport -->
  <testcase classname="Generic_Library.Basefunctions" name="@BeforeTest launch" time="0.0">
    <ignored/>
  </testcase> <!-- @BeforeTest launch -->
  <testcase classname="Generic_Library.Basefunctions" name="@AfterTest closeapp" time="0.0">
    <ignored/>
  </testcase> <!-- @AfterTest closeapp -->
</testsuite> <!-- Settings -->
