<?xml version="1.0" encoding="UTF-8"?>
<!-- Generated by org.testng.reporters.JUnitXMLReporter -->
<testsuite hostname="CPU351" ignored="3" name="UploadDoc" tests="6" failures="0" timestamp="30 Jul 2019 11:00:49 GMT" time="134.118" errors="0">
  <testcase name="Login" time="13.332" classname="Scripts.Login_Script"/>
  <testcase name="anyDoc" time="6.929" classname="Scripts.UploadDoc_Script"/>
  <testcase name="anyDoc" time="0.004" classname="Scripts.UploadDoc_Script"/>
  <testcase name="anyDoc" time="60.797" classname="Scripts.UploadDoc_Script"/>
  <testcase name="anyDoc" time="8.983" classname="Scripts.UploadDoc_Script"/>
  <testcase name="dsignuploadDoc" time="34.442" classname="Scripts.UploadDoc_Script"/>
  <testcase name="@BeforeSuite createreport" time="0.0" classname="Generic_Library.Basefunctions">
    <ignored/>
  </testcase> <!-- @BeforeSuite createreport -->
  <testcase name="@BeforeTest launch" time="0.0" classname="Generic_Library.Basefunctions">
    <ignored/>
  </testcase> <!-- @BeforeTest launch -->
  <testcase name="@AfterTest closeapp" time="0.0" classname="Generic_Library.Basefunctions">
    <ignored/>
  </testcase> <!-- @AfterTest closeapp -->
</testsuite> <!-- UploadDoc -->
