<?xml version="1.0" encoding="UTF-8"?>
<!-- Generated by org.testng.reporters.JUnitXMLReporter -->
<testsuite ignored="3" hostname="QITLAP024" failures="0" tests="2" name="UploadDoceSigntreTmplte" time="205.299" errors="0" timestamp="2020-07-06T17:56:09 IST">
  <testcase classname="Scripts.Login_Script" name="Login" time="30.247"/>
  <testcase classname="Scripts.UpldDoceSigntreTmplte_Script" name="uploadDoceSignTmp" time="144.048"/>
  <testcase classname="Generic_Library.Basefunctions" name="@BeforeSuite createreport" time="0.0">
    <ignored/>
  </testcase> <!-- @BeforeSuite createreport -->
  <testcase classname="Generic_Library.Basefunctions" name="@BeforeTest launch" time="0.0">
    <ignored/>
  </testcase> <!-- @BeforeTest launch -->
  <testcase classname="Generic_Library.Basefunctions" name="@AfterTest closeapp" time="0.0">
    <ignored/>
  </testcase> <!-- @AfterTest closeapp -->
</testsuite> <!-- UploadDoceSigntreTmplte -->
