<?xml version="1.0" encoding="UTF-8"?>
<testng-results skipped="0" failed="0" ignored="0" total="1" passed="1">
  <reporter-output>
  </reporter-output>
  <suite name="Suite" duration-ms="115500" started-at="2020-11-13T11:15:33 IST" finished-at="2020-11-13T11:17:29 IST">
    <groups>
      <group name="SMK">
        <method signature="NDTV_Script.Login(java.util.Map)[pri:1, instance:Scripts.NDTV_Script@752325ad]" name="Login" class="Scripts.NDTV_Script"/>
      </group> <!-- SMK -->
      <group name="REG">
        <method signature="NDTV_Script.Login(java.util.Map)[pri:1, instance:Scripts.NDTV_Script@752325ad]" name="Login" class="Scripts.NDTV_Script"/>
      </group> <!-- REG -->
    </groups>
    <test name="ndtvcheck" duration-ms="115500" started-at="2020-11-13T11:15:33 IST" finished-at="2020-11-13T11:17:29 IST">
      <class name="Scripts.NDTV_Script">
        <test-method status="PASS" signature="createreport()[pri:0, instance:Scripts.NDTV_Script@752325ad]" name="createreport" is-config="true" duration-ms="459" started-at="2020-11-13T11:15:33 IST" finished-at="2020-11-13T11:15:33 IST">
          <reporter-output>
          </reporter-output>
        </test-method> <!-- createreport -->
        <test-method status="PASS" signature="launch(java.lang.String)[pri:0, instance:Scripts.NDTV_Script@752325ad]" name="launch" is-config="true" duration-ms="69621" started-at="2020-11-13T11:15:33 IST" finished-at="2020-11-13T11:16:43 IST">
          <params>
            <param index="0">
              <value>
                <![CDATA[ch]]>
              </value>
            </param>
          </params>
          <reporter-output>
          </reporter-output>
        </test-method> <!-- launch -->
        <test-method status="PASS" signature="Login(java.util.Map)[pri:1, instance:Scripts.NDTV_Script@752325ad]" name="Login" duration-ms="40772" started-at="2020-11-13T11:16:45 IST" data-provider="Valid_data" finished-at="2020-11-13T11:17:26 IST">
          <params>
            <param index="0">
              <value>
                <![CDATA[{Order=1, Execute_Flag=Y, Script_Name=validname, TC_ID=t001, Submenuname=Weather, Searchinput=Bengaluru}]]>
              </value>
            </param>
          </params>
          <reporter-output>
          </reporter-output>
        </test-method> <!-- Login -->
        <test-method status="PASS" signature="report(org.testng.ITestResult)[pri:0, instance:Scripts.NDTV_Script@752325ad]" name="report" is-config="true" duration-ms="11" started-at="2020-11-13T11:17:26 IST" finished-at="2020-11-13T11:17:26 IST">
          <params>
            <param index="0">
              <value>
                <![CDATA[[TestResult name=Login status=SUCCESS method=NDTV_Script.Login(java.util.Map)[pri:1, instance:Scripts.NDTV_Script@752325ad] output={null}]]]>
              </value>
            </param>
          </params>
          <reporter-output>
          </reporter-output>
        </test-method> <!-- report -->
        <test-method status="PASS" signature="closeapp()[pri:0, instance:Scripts.NDTV_Script@752325ad]" name="closeapp" is-config="true" duration-ms="3088" started-at="2020-11-13T11:17:26 IST" finished-at="2020-11-13T11:17:29 IST">
          <reporter-output>
          </reporter-output>
        </test-method> <!-- closeapp -->
      </class> <!-- Scripts.NDTV_Script -->
    </test> <!-- ndtvcheck -->
  </suite> <!-- Suite -->
</testng-results>
